2021-01-10 20:35:06.284 - INFO - 7070 - azureml.train.automl.run._log_activity:54 - ActivityStarted: GetOutput
2021-01-10 20:35:06.302 - INFO - 7070 - azureml.train.automl.run._log_activity:54 - ActivityStarted: GetOutput
2021-01-10 20:35:06.309 - INFO - 7070 - azureml.train.automl.run._log_activity:54 - ActivityStarted: GetChildren
2021-01-10 20:35:06.475 - INFO - 7070 - azureml.train.automl.run._log_activity:92 - ActivityCompleted: Activity=GetChildren, HowEnded=Success, Duration=165.83[ms]
2021-01-10 20:35:06.475 - INFO - 7070 - azureml.train.automl.run._log_activity:92 - ActivityCompleted: Activity=GetOutput, HowEnded=Success, Duration=172.67[ms]
2021-01-10 20:35:06.476 - INFO - 7070 - azureml.train.automl._model_download_utilities._log_activity:54 - ActivityStarted: DownloadModel
2021-01-10 20:35:19.994 - INFO - 7070 - azureml.automl.runtime.distributed.utilities.horovod_initialized:58 - Horovod not found in current environment. Distribution via Horovod will be disabled.
2021-01-10 20:35:24.349 - INFO - 7070 - azureml.automl.runtime.featurization.data_transformer._logger_wrapper:81 - Feature sweeping enabled: False
2021-01-10 20:35:24.349 - INFO - 7070 - azureml.automl.runtime.featurization.data_transformer._logger_wrapper:81 - Feature sweeping timeout: 86400
2021-01-10 20:35:24.350 - INFO - 7070 - azureml.automl.runtime.featurization.data_transformer._logger_wrapper:81 - Feature sweeping enabled: False
2021-01-10 20:35:24.351 - INFO - 7070 - azureml.automl.runtime.featurization.data_transformer._logger_wrapper:81 - Feature sweeping timeout: 86400
2021-01-10 20:35:24.471 - INFO - 7070 - azureml.train.automl._model_download_utilities._log_activity:92 - ActivityCompleted: Activity=DownloadModel, HowEnded=Success, Duration=17994.68[ms]
2021-01-10 20:35:24.472 - INFO - 7070 - azureml.train.automl.run._log_activity:92 - ActivityCompleted: Activity=GetOutput, HowEnded=Success, Duration=18188.01[ms]
2021-01-10 20:37:12.831 - INFO - 7070 - azureml.automl.runtime.featurization.data_transformer._logger_wrapper:81 - Feature sweeping enabled: False
2021-01-10 20:37:12.831 - INFO - 7070 - azureml.automl.runtime.featurization.data_transformer._logger_wrapper:81 - Feature sweeping timeout: 86400
2021-01-10 20:37:12.834 - INFO - 7070 - azureml.automl.runtime.featurization.data_transformer._logger_wrapper:81 - Feature sweeping enabled: False
2021-01-10 20:37:12.834 - INFO - 7070 - azureml.automl.runtime.featurization.data_transformer._logger_wrapper:81 - Feature sweeping timeout: 86400
2021-01-10 20:41:19.999 - INFO - 7070 - azureml.automl.runtime.featurization.data_transformer._logger_wrapper:81 - Starting to apply transforms. Total ram: 14706561024 bytes
2021-01-10 20:41:20.001 - INFO - 7070 - azureml.automl.runtime.featurization.data_transformer._logger_wrapper:81 - Transform memory estimate: 0 bytes, Current available memory: 11602104320 bytes
2021-01-10 20:41:20.010 - INFO - 7070 - azureml.automl.runtime.featurization.data_transformer._logger_wrapper:81 - SimpleImputer: Applying transform.
2021-01-10 20:41:20.014 - INFO - 7070 - azureml.automl.runtime.featurization.data_transformer._logger_wrapper:81 - SimpleImputer: Finished applying transform. Shape (4120, 1)
2021-01-10 20:41:20.015 - INFO - 7070 - azureml.automl.runtime.featurization.data_transformer._logger_wrapper:81 - Transform memory estimate: 0 bytes, Current available memory: 11602104320 bytes
2021-01-10 20:41:20.015 - INFO - 7070 - azureml.automl.runtime.featurization.data_transformer._logger_wrapper:81 - SimpleImputer: Applying transform.
2021-01-10 20:41:20.019 - INFO - 7070 - azureml.automl.runtime.featurization.data_transformer._logger_wrapper:81 - SimpleImputer: Finished applying transform. Shape (4120, 1)
2021-01-10 20:41:20.019 - INFO - 7070 - azureml.automl.runtime.featurization.data_transformer._logger_wrapper:81 - Transform memory estimate: 0 bytes, Current available memory: 11602104320 bytes
2021-01-10 20:41:20.019 - INFO - 7070 - azureml.automl.runtime.featurization.data_transformer._logger_wrapper:81 - SimpleImputer: Applying transform.
2021-01-10 20:41:20.021 - INFO - 7070 - azureml.automl.runtime.featurization.data_transformer._logger_wrapper:81 - SimpleImputer: Finished applying transform. Shape (4120, 1)
2021-01-10 20:41:20.022 - INFO - 7070 - azureml.automl.runtime.featurization.data_transformer._logger_wrapper:81 - Transform memory estimate: 0 bytes, Current available memory: 11602104320 bytes
2021-01-10 20:41:20.022 - INFO - 7070 - azureml.automl.runtime.featurization.data_transformer._logger_wrapper:81 - SimpleImputer: Applying transform.
2021-01-10 20:41:20.024 - INFO - 7070 - azureml.automl.runtime.featurization.data_transformer._logger_wrapper:81 - SimpleImputer: Finished applying transform. Shape (4120, 1)
2021-01-10 20:41:20.025 - INFO - 7070 - azureml.automl.runtime.featurization.data_transformer._logger_wrapper:81 - Transform memory estimate: 0 bytes, Current available memory: 11602104320 bytes
2021-01-10 20:41:20.025 - INFO - 7070 - azureml.automl.runtime.featurization.data_transformer._logger_wrapper:81 - SimpleImputer: Applying transform.
2021-01-10 20:41:20.027 - INFO - 7070 - azureml.automl.runtime.featurization.data_transformer._logger_wrapper:81 - SimpleImputer: Finished applying transform. Shape (4120, 1)
2021-01-10 20:41:20.028 - INFO - 7070 - azureml.automl.runtime.featurization.data_transformer._logger_wrapper:81 - Transform memory estimate: 0 bytes, Current available memory: 11602305024 bytes
2021-01-10 20:41:20.028 - INFO - 7070 - azureml.automl.runtime.featurization.data_transformer._logger_wrapper:81 - SimpleImputer: Applying transform.
2021-01-10 20:41:20.031 - INFO - 7070 - azureml.automl.runtime.featurization.data_transformer._logger_wrapper:81 - SimpleImputer: Finished applying transform. Shape (4120, 1)
2021-01-10 20:41:20.031 - INFO - 7070 - azureml.automl.runtime.featurization.data_transformer._logger_wrapper:81 - Transform memory estimate: 0 bytes, Current available memory: 11602305024 bytes
2021-01-10 20:41:20.031 - INFO - 7070 - azureml.automl.runtime.featurization.data_transformer._logger_wrapper:81 - SimpleImputer: Applying transform.
2021-01-10 20:41:20.033 - INFO - 7070 - azureml.automl.runtime.featurization.data_transformer._logger_wrapper:81 - SimpleImputer: Finished applying transform. Shape (4120, 1)
2021-01-10 20:41:20.033 - INFO - 7070 - azureml.automl.runtime.featurization.data_transformer._logger_wrapper:81 - Transform memory estimate: 0 bytes, Current available memory: 11602305024 bytes
2021-01-10 20:41:20.033 - INFO - 7070 - azureml.automl.runtime.featurization.data_transformer._logger_wrapper:81 - StringCastTransformer,CountVectorizer: Applying transform.
2021-01-10 20:41:20.049 - INFO - 7070 - azureml.automl.runtime.featurization.data_transformer._logger_wrapper:81 - StringCastTransformer,CountVectorizer: Finished applying transform. Shape (4120, 12)
2021-01-10 20:41:20.049 - INFO - 7070 - azureml.automl.runtime.featurization.data_transformer._logger_wrapper:81 - Transform memory estimate: 0 bytes, Current available memory: 11602305024 bytes
2021-01-10 20:41:20.049 - INFO - 7070 - azureml.automl.runtime.featurization.data_transformer._logger_wrapper:81 - StringCastTransformer,CountVectorizer: Applying transform.
2021-01-10 20:41:20.064 - INFO - 7070 - azureml.automl.runtime.featurization.data_transformer._logger_wrapper:81 - StringCastTransformer,CountVectorizer: Finished applying transform. Shape (4120, 4)
2021-01-10 20:41:20.064 - INFO - 7070 - azureml.automl.runtime.featurization.data_transformer._logger_wrapper:81 - Transform memory estimate: 0 bytes, Current available memory: 11602305024 bytes
2021-01-10 20:41:20.064 - INFO - 7070 - azureml.automl.runtime.featurization.data_transformer._logger_wrapper:81 - StringCastTransformer,CountVectorizer: Applying transform.
2021-01-10 20:41:20.082 - INFO - 7070 - azureml.automl.runtime.featurization.data_transformer._logger_wrapper:81 - StringCastTransformer,CountVectorizer: Finished applying transform. Shape (4120, 8)
2021-01-10 20:41:20.083 - INFO - 7070 - azureml.automl.runtime.featurization.data_transformer._logger_wrapper:81 - Transform memory estimate: 0 bytes, Current available memory: 11602305024 bytes
2021-01-10 20:41:20.083 - INFO - 7070 - azureml.automl.runtime.featurization.data_transformer._logger_wrapper:81 - StringCastTransformer,CountVectorizer: Applying transform.
2021-01-10 20:41:20.099 - INFO - 7070 - azureml.automl.runtime.featurization.data_transformer._logger_wrapper:81 - StringCastTransformer,CountVectorizer: Finished applying transform. Shape (4120, 3)
2021-01-10 20:41:20.099 - INFO - 7070 - azureml.automl.runtime.featurization.data_transformer._logger_wrapper:81 - Transform memory estimate: 0 bytes, Current available memory: 11602305024 bytes
2021-01-10 20:41:20.099 - INFO - 7070 - azureml.automl.runtime.featurization.data_transformer._logger_wrapper:81 - StringCastTransformer,CountVectorizer: Applying transform.
2021-01-10 20:41:20.115 - INFO - 7070 - azureml.automl.runtime.featurization.data_transformer._logger_wrapper:81 - StringCastTransformer,CountVectorizer: Finished applying transform. Shape (4120, 3)
2021-01-10 20:41:20.118 - INFO - 7070 - azureml.automl.runtime.featurization.data_transformer._logger_wrapper:81 - Transform memory estimate: 0 bytes, Current available memory: 11602305024 bytes
2021-01-10 20:41:20.118 - INFO - 7070 - azureml.automl.runtime.featurization.data_transformer._logger_wrapper:81 - StringCastTransformer,CountVectorizer: Applying transform.
2021-01-10 20:41:20.134 - INFO - 7070 - azureml.automl.runtime.featurization.data_transformer._logger_wrapper:81 - StringCastTransformer,CountVectorizer: Finished applying transform. Shape (4120, 3)
2021-01-10 20:41:20.134 - INFO - 7070 - azureml.automl.runtime.featurization.data_transformer._logger_wrapper:81 - Transform memory estimate: 0 bytes, Current available memory: 11602305024 bytes
2021-01-10 20:41:20.135 - INFO - 7070 - azureml.automl.runtime.featurization.data_transformer._logger_wrapper:81 - CatImputer,StringCastTransformer,LabelEncoderTransformer: Applying transform.
2021-01-10 20:41:20.143 - INFO - 7070 - azureml.automl.runtime.featurization.data_transformer._logger_wrapper:81 - CatImputer,StringCastTransformer,LabelEncoderTransformer: Finished applying transform. Shape (4120, 1)
2021-01-10 20:41:20.143 - INFO - 7070 - azureml.automl.runtime.featurization.data_transformer._logger_wrapper:81 - Transform memory estimate: 0 bytes, Current available memory: 11602305024 bytes
2021-01-10 20:41:20.143 - INFO - 7070 - azureml.automl.runtime.featurization.data_transformer._logger_wrapper:81 - StringCastTransformer,CountVectorizer: Applying transform.
2021-01-10 20:41:20.159 - INFO - 7070 - azureml.automl.runtime.featurization.data_transformer._logger_wrapper:81 - StringCastTransformer,CountVectorizer: Finished applying transform. Shape (4120, 10)
2021-01-10 20:41:20.159 - INFO - 7070 - azureml.automl.runtime.featurization.data_transformer._logger_wrapper:81 - Transform memory estimate: 0 bytes, Current available memory: 11602305024 bytes
2021-01-10 20:41:20.159 - INFO - 7070 - azureml.automl.runtime.featurization.data_transformer._logger_wrapper:81 - StringCastTransformer,CountVectorizer: Applying transform.
2021-01-10 20:41:20.174 - INFO - 7070 - azureml.automl.runtime.featurization.data_transformer._logger_wrapper:81 - StringCastTransformer,CountVectorizer: Finished applying transform. Shape (4120, 5)
2021-01-10 20:41:20.175 - INFO - 7070 - azureml.automl.runtime.featurization.data_transformer._logger_wrapper:81 - Transform memory estimate: 0 bytes, Current available memory: 11602305024 bytes
2021-01-10 20:41:20.175 - INFO - 7070 - azureml.automl.runtime.featurization.data_transformer._logger_wrapper:81 - StringCastTransformer,CountVectorizer: Applying transform.
2021-01-10 20:41:20.193 - INFO - 7070 - azureml.automl.runtime.featurization.data_transformer._logger_wrapper:81 - StringCastTransformer,CountVectorizer: Finished applying transform. Shape (4120, 39)
2021-01-10 20:41:20.194 - INFO - 7070 - azureml.automl.runtime.featurization.data_transformer._logger_wrapper:81 - Transform memory estimate: 0 bytes, Current available memory: 11602010112 bytes
2021-01-10 20:41:20.194 - INFO - 7070 - azureml.automl.runtime.featurization.data_transformer._logger_wrapper:81 - StringCastTransformer,CountVectorizer: Applying transform.
2021-01-10 20:41:20.211 - INFO - 7070 - azureml.automl.runtime.featurization.data_transformer._logger_wrapper:81 - StringCastTransformer,CountVectorizer: Finished applying transform. Shape (4120, 26)
2021-01-10 20:41:20.212 - INFO - 7070 - azureml.automl.runtime.featurization.data_transformer._logger_wrapper:81 - Transform memory estimate: 0 bytes, Current available memory: 11602010112 bytes
2021-01-10 20:41:20.212 - INFO - 7070 - azureml.automl.runtime.featurization.data_transformer._logger_wrapper:81 - StringCastTransformer,CountVectorizer: Applying transform.
2021-01-10 20:41:20.229 - INFO - 7070 - azureml.automl.runtime.featurization.data_transformer._logger_wrapper:81 - StringCastTransformer,CountVectorizer: Finished applying transform. Shape (4120, 8)
2021-01-10 20:41:20.230 - INFO - 7070 - azureml.automl.runtime.featurization.data_transformer._logger_wrapper:81 - Transform memory estimate: 0 bytes, Current available memory: 11602010112 bytes
2021-01-10 20:41:20.230 - INFO - 7070 - azureml.automl.runtime.featurization.data_transformer._logger_wrapper:81 - StringCastTransformer,CountVectorizer: Applying transform.
2021-01-10 20:41:20.245 - INFO - 7070 - azureml.automl.runtime.featurization.data_transformer._logger_wrapper:81 - StringCastTransformer,CountVectorizer: Finished applying transform. Shape (4120, 3)
2021-01-10 20:41:20.245 - INFO - 7070 - azureml.automl.runtime.featurization.data_transformer._logger_wrapper:81 - Finished applying transforms
2021-01-10 20:41:20.246 - INFO - 7070 - azureml.automl.runtime.shared.memory_utilities._is_low_memory:208 - Total ram: 14706561024 bytes, Current Available memory: 11602010112 bytes. Low memory threshold: 0.5
2021-01-10 20:42:18.765 - INFO - 7070 - azureml.automl.runtime.featurization.data_transformer._logger_wrapper:81 - Starting to apply transforms. Total ram: 14706561024 bytes
2021-01-10 20:42:18.766 - INFO - 7070 - azureml.automl.runtime.featurization.data_transformer._logger_wrapper:81 - Transform memory estimate: 0 bytes, Current available memory: 11598200832 bytes
2021-01-10 20:42:18.766 - INFO - 7070 - azureml.automl.runtime.featurization.data_transformer._logger_wrapper:81 - SimpleImputer: Applying transform.
2021-01-10 20:42:18.778 - INFO - 7070 - azureml.automl.runtime.featurization.data_transformer._logger_wrapper:81 - SimpleImputer: Finished applying transform. Shape (4120, 1)
2021-01-10 20:42:18.779 - INFO - 7070 - azureml.automl.runtime.featurization.data_transformer._logger_wrapper:81 - Transform memory estimate: 0 bytes, Current available memory: 11598200832 bytes
2021-01-10 20:42:18.779 - INFO - 7070 - azureml.automl.runtime.featurization.data_transformer._logger_wrapper:81 - SimpleImputer: Applying transform.
2021-01-10 20:42:18.782 - INFO - 7070 - azureml.automl.runtime.featurization.data_transformer._logger_wrapper:81 - SimpleImputer: Finished applying transform. Shape (4120, 1)
2021-01-10 20:42:18.783 - INFO - 7070 - azureml.automl.runtime.featurization.data_transformer._logger_wrapper:81 - Transform memory estimate: 0 bytes, Current available memory: 11598200832 bytes
2021-01-10 20:42:18.783 - INFO - 7070 - azureml.automl.runtime.featurization.data_transformer._logger_wrapper:81 - SimpleImputer: Applying transform.
2021-01-10 20:42:18.786 - INFO - 7070 - azureml.automl.runtime.featurization.data_transformer._logger_wrapper:81 - SimpleImputer: Finished applying transform. Shape (4120, 1)
2021-01-10 20:42:18.786 - INFO - 7070 - azureml.automl.runtime.featurization.data_transformer._logger_wrapper:81 - Transform memory estimate: 0 bytes, Current available memory: 11598200832 bytes
2021-01-10 20:42:18.786 - INFO - 7070 - azureml.automl.runtime.featurization.data_transformer._logger_wrapper:81 - SimpleImputer: Applying transform.
2021-01-10 20:42:18.789 - INFO - 7070 - azureml.automl.runtime.featurization.data_transformer._logger_wrapper:81 - SimpleImputer: Finished applying transform. Shape (4120, 1)
2021-01-10 20:42:18.789 - INFO - 7070 - azureml.automl.runtime.featurization.data_transformer._logger_wrapper:81 - Transform memory estimate: 0 bytes, Current available memory: 11598200832 bytes
2021-01-10 20:42:18.789 - INFO - 7070 - azureml.automl.runtime.featurization.data_transformer._logger_wrapper:81 - SimpleImputer: Applying transform.
2021-01-10 20:42:18.791 - INFO - 7070 - azureml.automl.runtime.featurization.data_transformer._logger_wrapper:81 - SimpleImputer: Finished applying transform. Shape (4120, 1)
2021-01-10 20:42:18.792 - INFO - 7070 - azureml.automl.runtime.featurization.data_transformer._logger_wrapper:81 - Transform memory estimate: 0 bytes, Current available memory: 11598200832 bytes
2021-01-10 20:42:18.792 - INFO - 7070 - azureml.automl.runtime.featurization.data_transformer._logger_wrapper:81 - SimpleImputer: Applying transform.
2021-01-10 20:42:18.794 - INFO - 7070 - azureml.automl.runtime.featurization.data_transformer._logger_wrapper:81 - SimpleImputer: Finished applying transform. Shape (4120, 1)
2021-01-10 20:42:18.795 - INFO - 7070 - azureml.automl.runtime.featurization.data_transformer._logger_wrapper:81 - Transform memory estimate: 0 bytes, Current available memory: 11598200832 bytes
2021-01-10 20:42:18.795 - INFO - 7070 - azureml.automl.runtime.featurization.data_transformer._logger_wrapper:81 - SimpleImputer: Applying transform.
2021-01-10 20:42:18.797 - INFO - 7070 - azureml.automl.runtime.featurization.data_transformer._logger_wrapper:81 - SimpleImputer: Finished applying transform. Shape (4120, 1)
2021-01-10 20:42:18.798 - INFO - 7070 - azureml.automl.runtime.featurization.data_transformer._logger_wrapper:81 - Transform memory estimate: 0 bytes, Current available memory: 11598200832 bytes
2021-01-10 20:42:18.798 - INFO - 7070 - azureml.automl.runtime.featurization.data_transformer._logger_wrapper:81 - StringCastTransformer,CountVectorizer: Applying transform.
2021-01-10 20:42:18.817 - INFO - 7070 - azureml.automl.runtime.featurization.data_transformer._logger_wrapper:81 - StringCastTransformer,CountVectorizer: Finished applying transform. Shape (4120, 12)
2021-01-10 20:42:18.825 - INFO - 7070 - azureml.automl.runtime.featurization.data_transformer._logger_wrapper:81 - Transform memory estimate: 0 bytes, Current available memory: 11598168064 bytes
2021-01-10 20:42:18.826 - INFO - 7070 - azureml.automl.runtime.featurization.data_transformer._logger_wrapper:81 - StringCastTransformer,CountVectorizer: Applying transform.
2021-01-10 20:42:18.841 - INFO - 7070 - azureml.automl.runtime.featurization.data_transformer._logger_wrapper:81 - StringCastTransformer,CountVectorizer: Finished applying transform. Shape (4120, 4)
2021-01-10 20:42:18.844 - INFO - 7070 - azureml.automl.runtime.featurization.data_transformer._logger_wrapper:81 - Transform memory estimate: 0 bytes, Current available memory: 11598168064 bytes
2021-01-10 20:42:18.844 - INFO - 7070 - azureml.automl.runtime.featurization.data_transformer._logger_wrapper:81 - StringCastTransformer,CountVectorizer: Applying transform.
2021-01-10 20:42:18.863 - INFO - 7070 - azureml.automl.runtime.featurization.data_transformer._logger_wrapper:81 - StringCastTransformer,CountVectorizer: Finished applying transform. Shape (4120, 8)
2021-01-10 20:42:18.867 - INFO - 7070 - azureml.automl.runtime.featurization.data_transformer._logger_wrapper:81 - Transform memory estimate: 0 bytes, Current available memory: 11598168064 bytes
2021-01-10 20:42:18.867 - INFO - 7070 - azureml.automl.runtime.featurization.data_transformer._logger_wrapper:81 - StringCastTransformer,CountVectorizer: Applying transform.
2021-01-10 20:42:18.883 - INFO - 7070 - azureml.automl.runtime.featurization.data_transformer._logger_wrapper:81 - StringCastTransformer,CountVectorizer: Finished applying transform. Shape (4120, 3)
2021-01-10 20:42:18.884 - INFO - 7070 - azureml.automl.runtime.featurization.data_transformer._logger_wrapper:81 - Transform memory estimate: 0 bytes, Current available memory: 11598168064 bytes
2021-01-10 20:42:18.884 - INFO - 7070 - azureml.automl.runtime.featurization.data_transformer._logger_wrapper:81 - StringCastTransformer,CountVectorizer: Applying transform.
2021-01-10 20:42:18.900 - INFO - 7070 - azureml.automl.runtime.featurization.data_transformer._logger_wrapper:81 - StringCastTransformer,CountVectorizer: Finished applying transform. Shape (4120, 3)
2021-01-10 20:42:18.901 - INFO - 7070 - azureml.automl.runtime.featurization.data_transformer._logger_wrapper:81 - Transform memory estimate: 0 bytes, Current available memory: 11598151680 bytes
2021-01-10 20:42:18.901 - INFO - 7070 - azureml.automl.runtime.featurization.data_transformer._logger_wrapper:81 - StringCastTransformer,CountVectorizer: Applying transform.
2021-01-10 20:42:18.918 - INFO - 7070 - azureml.automl.runtime.featurization.data_transformer._logger_wrapper:81 - StringCastTransformer,CountVectorizer: Finished applying transform. Shape (4120, 3)
2021-01-10 20:42:18.922 - INFO - 7070 - azureml.automl.runtime.featurization.data_transformer._logger_wrapper:81 - Transform memory estimate: 0 bytes, Current available memory: 11598151680 bytes
2021-01-10 20:42:18.922 - INFO - 7070 - azureml.automl.runtime.featurization.data_transformer._logger_wrapper:81 - CatImputer,StringCastTransformer,LabelEncoderTransformer: Applying transform.
2021-01-10 20:42:18.933 - INFO - 7070 - azureml.automl.runtime.featurization.data_transformer._logger_wrapper:81 - CatImputer,StringCastTransformer,LabelEncoderTransformer: Finished applying transform. Shape (4120, 1)
2021-01-10 20:42:18.933 - INFO - 7070 - azureml.automl.runtime.featurization.data_transformer._logger_wrapper:81 - Transform memory estimate: 0 bytes, Current available memory: 11598151680 bytes
2021-01-10 20:42:18.934 - INFO - 7070 - azureml.automl.runtime.featurization.data_transformer._logger_wrapper:81 - StringCastTransformer,CountVectorizer: Applying transform.
2021-01-10 20:42:18.950 - INFO - 7070 - azureml.automl.runtime.featurization.data_transformer._logger_wrapper:81 - StringCastTransformer,CountVectorizer: Finished applying transform. Shape (4120, 10)
2021-01-10 20:42:18.953 - INFO - 7070 - azureml.automl.runtime.featurization.data_transformer._logger_wrapper:81 - Transform memory estimate: 0 bytes, Current available memory: 11598151680 bytes
2021-01-10 20:42:18.953 - INFO - 7070 - azureml.automl.runtime.featurization.data_transformer._logger_wrapper:81 - StringCastTransformer,CountVectorizer: Applying transform.
2021-01-10 20:42:18.968 - INFO - 7070 - azureml.automl.runtime.featurization.data_transformer._logger_wrapper:81 - StringCastTransformer,CountVectorizer: Finished applying transform. Shape (4120, 5)
2021-01-10 20:42:18.972 - INFO - 7070 - azureml.automl.runtime.featurization.data_transformer._logger_wrapper:81 - Transform memory estimate: 0 bytes, Current available memory: 11598200832 bytes
2021-01-10 20:42:18.972 - INFO - 7070 - azureml.automl.runtime.featurization.data_transformer._logger_wrapper:81 - StringCastTransformer,CountVectorizer: Applying transform.
2021-01-10 20:42:18.992 - INFO - 7070 - azureml.automl.runtime.featurization.data_transformer._logger_wrapper:81 - StringCastTransformer,CountVectorizer: Finished applying transform. Shape (4120, 39)
2021-01-10 20:42:18.993 - INFO - 7070 - azureml.automl.runtime.featurization.data_transformer._logger_wrapper:81 - Transform memory estimate: 0 bytes, Current available memory: 11598168064 bytes
2021-01-10 20:42:18.993 - INFO - 7070 - azureml.automl.runtime.featurization.data_transformer._logger_wrapper:81 - StringCastTransformer,CountVectorizer: Applying transform.
2021-01-10 20:42:19.011 - INFO - 7070 - azureml.automl.runtime.featurization.data_transformer._logger_wrapper:81 - StringCastTransformer,CountVectorizer: Finished applying transform. Shape (4120, 26)
2021-01-10 20:42:19.012 - INFO - 7070 - azureml.automl.runtime.featurization.data_transformer._logger_wrapper:81 - Transform memory estimate: 0 bytes, Current available memory: 11598168064 bytes
2021-01-10 20:42:19.012 - INFO - 7070 - azureml.automl.runtime.featurization.data_transformer._logger_wrapper:81 - StringCastTransformer,CountVectorizer: Applying transform.
2021-01-10 20:42:19.029 - INFO - 7070 - azureml.automl.runtime.featurization.data_transformer._logger_wrapper:81 - StringCastTransformer,CountVectorizer: Finished applying transform. Shape (4120, 8)
2021-01-10 20:42:19.029 - INFO - 7070 - azureml.automl.runtime.featurization.data_transformer._logger_wrapper:81 - Transform memory estimate: 0 bytes, Current available memory: 11598168064 bytes
2021-01-10 20:42:19.030 - INFO - 7070 - azureml.automl.runtime.featurization.data_transformer._logger_wrapper:81 - StringCastTransformer,CountVectorizer: Applying transform.
2021-01-10 20:42:19.045 - INFO - 7070 - azureml.automl.runtime.featurization.data_transformer._logger_wrapper:81 - StringCastTransformer,CountVectorizer: Finished applying transform. Shape (4120, 3)
2021-01-10 20:42:19.045 - INFO - 7070 - azureml.automl.runtime.featurization.data_transformer._logger_wrapper:81 - Finished applying transforms
2021-01-10 20:42:19.046 - INFO - 7070 - azureml.automl.runtime.shared.memory_utilities._is_low_memory:208 - Total ram: 14706561024 bytes, Current Available memory: 11598168064 bytes. Low memory threshold: 0.5
2021-01-10 20:43:12.176 - INFO - 7070 - azureml.automl.runtime.featurization.data_transformer._logger_wrapper:81 - Starting to apply transforms. Total ram: 14706561024 bytes
2021-01-10 20:43:12.178 - INFO - 7070 - azureml.automl.runtime.featurization.data_transformer._logger_wrapper:81 - Transform memory estimate: 0 bytes, Current available memory: 11595739136 bytes
2021-01-10 20:43:12.178 - INFO - 7070 - azureml.automl.runtime.featurization.data_transformer._logger_wrapper:81 - SimpleImputer: Applying transform.
2021-01-10 20:43:12.190 - INFO - 7070 - azureml.automl.runtime.featurization.data_transformer._logger_wrapper:81 - SimpleImputer: Finished applying transform. Shape (4120, 1)
2021-01-10 20:43:12.190 - INFO - 7070 - azureml.automl.runtime.featurization.data_transformer._logger_wrapper:81 - Transform memory estimate: 0 bytes, Current available memory: 11595231232 bytes
2021-01-10 20:43:12.191 - INFO - 7070 - azureml.automl.runtime.featurization.data_transformer._logger_wrapper:81 - SimpleImputer: Applying transform.
2021-01-10 20:43:12.193 - INFO - 7070 - azureml.automl.runtime.featurization.data_transformer._logger_wrapper:81 - SimpleImputer: Finished applying transform. Shape (4120, 1)
2021-01-10 20:43:12.194 - INFO - 7070 - azureml.automl.runtime.featurization.data_transformer._logger_wrapper:81 - Transform memory estimate: 0 bytes, Current available memory: 11595231232 bytes
2021-01-10 20:43:12.194 - INFO - 7070 - azureml.automl.runtime.featurization.data_transformer._logger_wrapper:81 - SimpleImputer: Applying transform.
2021-01-10 20:43:12.196 - INFO - 7070 - azureml.automl.runtime.featurization.data_transformer._logger_wrapper:81 - SimpleImputer: Finished applying transform. Shape (4120, 1)
2021-01-10 20:43:12.197 - INFO - 7070 - azureml.automl.runtime.featurization.data_transformer._logger_wrapper:81 - Transform memory estimate: 0 bytes, Current available memory: 11595231232 bytes
2021-01-10 20:43:12.197 - INFO - 7070 - azureml.automl.runtime.featurization.data_transformer._logger_wrapper:81 - SimpleImputer: Applying transform.
2021-01-10 20:43:12.199 - INFO - 7070 - azureml.automl.runtime.featurization.data_transformer._logger_wrapper:81 - SimpleImputer: Finished applying transform. Shape (4120, 1)
2021-01-10 20:43:12.200 - INFO - 7070 - azureml.automl.runtime.featurization.data_transformer._logger_wrapper:81 - Transform memory estimate: 0 bytes, Current available memory: 11595231232 bytes
2021-01-10 20:43:12.200 - INFO - 7070 - azureml.automl.runtime.featurization.data_transformer._logger_wrapper:81 - SimpleImputer: Applying transform.
2021-01-10 20:43:12.203 - INFO - 7070 - azureml.automl.runtime.featurization.data_transformer._logger_wrapper:81 - SimpleImputer: Finished applying transform. Shape (4120, 1)
2021-01-10 20:43:12.204 - INFO - 7070 - azureml.automl.runtime.featurization.data_transformer._logger_wrapper:81 - Transform memory estimate: 0 bytes, Current available memory: 11595231232 bytes
2021-01-10 20:43:12.204 - INFO - 7070 - azureml.automl.runtime.featurization.data_transformer._logger_wrapper:81 - SimpleImputer: Applying transform.
2021-01-10 20:43:12.206 - INFO - 7070 - azureml.automl.runtime.featurization.data_transformer._logger_wrapper:81 - SimpleImputer: Finished applying transform. Shape (4120, 1)
2021-01-10 20:43:12.207 - INFO - 7070 - azureml.automl.runtime.featurization.data_transformer._logger_wrapper:81 - Transform memory estimate: 0 bytes, Current available memory: 11595231232 bytes
2021-01-10 20:43:12.207 - INFO - 7070 - azureml.automl.runtime.featurization.data_transformer._logger_wrapper:81 - SimpleImputer: Applying transform.
2021-01-10 20:43:12.209 - INFO - 7070 - azureml.automl.runtime.featurization.data_transformer._logger_wrapper:81 - SimpleImputer: Finished applying transform. Shape (4120, 1)
2021-01-10 20:43:12.210 - INFO - 7070 - azureml.automl.runtime.featurization.data_transformer._logger_wrapper:81 - Transform memory estimate: 0 bytes, Current available memory: 11595231232 bytes
2021-01-10 20:43:12.210 - INFO - 7070 - azureml.automl.runtime.featurization.data_transformer._logger_wrapper:81 - StringCastTransformer,CountVectorizer: Applying transform.
2021-01-10 20:43:12.225 - INFO - 7070 - azureml.automl.runtime.featurization.data_transformer._logger_wrapper:81 - StringCastTransformer,CountVectorizer: Finished applying transform. Shape (4120, 12)
2021-01-10 20:43:12.226 - INFO - 7070 - azureml.automl.runtime.featurization.data_transformer._logger_wrapper:81 - Transform memory estimate: 0 bytes, Current available memory: 11595198464 bytes
2021-01-10 20:43:12.226 - INFO - 7070 - azureml.automl.runtime.featurization.data_transformer._logger_wrapper:81 - StringCastTransformer,CountVectorizer: Applying transform.
2021-01-10 20:43:12.241 - INFO - 7070 - azureml.automl.runtime.featurization.data_transformer._logger_wrapper:81 - StringCastTransformer,CountVectorizer: Finished applying transform. Shape (4120, 4)
2021-01-10 20:43:12.242 - INFO - 7070 - azureml.automl.runtime.featurization.data_transformer._logger_wrapper:81 - Transform memory estimate: 0 bytes, Current available memory: 11595198464 bytes
2021-01-10 20:43:12.242 - INFO - 7070 - azureml.automl.runtime.featurization.data_transformer._logger_wrapper:81 - StringCastTransformer,CountVectorizer: Applying transform.
2021-01-10 20:43:12.257 - INFO - 7070 - azureml.automl.runtime.featurization.data_transformer._logger_wrapper:81 - StringCastTransformer,CountVectorizer: Finished applying transform. Shape (4120, 8)
2021-01-10 20:43:12.258 - INFO - 7070 - azureml.automl.runtime.featurization.data_transformer._logger_wrapper:81 - Transform memory estimate: 0 bytes, Current available memory: 11595198464 bytes
2021-01-10 20:43:12.258 - INFO - 7070 - azureml.automl.runtime.featurization.data_transformer._logger_wrapper:81 - StringCastTransformer,CountVectorizer: Applying transform.
2021-01-10 20:43:12.273 - INFO - 7070 - azureml.automl.runtime.featurization.data_transformer._logger_wrapper:81 - StringCastTransformer,CountVectorizer: Finished applying transform. Shape (4120, 3)
2021-01-10 20:43:12.274 - INFO - 7070 - azureml.automl.runtime.featurization.data_transformer._logger_wrapper:81 - Transform memory estimate: 0 bytes, Current available memory: 11595198464 bytes
2021-01-10 20:43:12.274 - INFO - 7070 - azureml.automl.runtime.featurization.data_transformer._logger_wrapper:81 - StringCastTransformer,CountVectorizer: Applying transform.
2021-01-10 20:43:12.289 - INFO - 7070 - azureml.automl.runtime.featurization.data_transformer._logger_wrapper:81 - StringCastTransformer,CountVectorizer: Finished applying transform. Shape (4120, 3)
2021-01-10 20:43:12.290 - INFO - 7070 - azureml.automl.runtime.featurization.data_transformer._logger_wrapper:81 - Transform memory estimate: 0 bytes, Current available memory: 11595198464 bytes
2021-01-10 20:43:12.290 - INFO - 7070 - azureml.automl.runtime.featurization.data_transformer._logger_wrapper:81 - StringCastTransformer,CountVectorizer: Applying transform.
2021-01-10 20:43:12.305 - INFO - 7070 - azureml.automl.runtime.featurization.data_transformer._logger_wrapper:81 - StringCastTransformer,CountVectorizer: Finished applying transform. Shape (4120, 3)
2021-01-10 20:43:12.305 - INFO - 7070 - azureml.automl.runtime.featurization.data_transformer._logger_wrapper:81 - Transform memory estimate: 0 bytes, Current available memory: 11595231232 bytes
2021-01-10 20:43:12.306 - INFO - 7070 - azureml.automl.runtime.featurization.data_transformer._logger_wrapper:81 - CatImputer,StringCastTransformer,LabelEncoderTransformer: Applying transform.
2021-01-10 20:43:12.312 - INFO - 7070 - azureml.automl.runtime.featurization.data_transformer._logger_wrapper:81 - CatImputer,StringCastTransformer,LabelEncoderTransformer: Finished applying transform. Shape (4120, 1)
2021-01-10 20:43:12.313 - INFO - 7070 - azureml.automl.runtime.featurization.data_transformer._logger_wrapper:81 - Transform memory estimate: 0 bytes, Current available memory: 11595231232 bytes
2021-01-10 20:43:12.313 - INFO - 7070 - azureml.automl.runtime.featurization.data_transformer._logger_wrapper:81 - StringCastTransformer,CountVectorizer: Applying transform.
2021-01-10 20:43:12.328 - INFO - 7070 - azureml.automl.runtime.featurization.data_transformer._logger_wrapper:81 - StringCastTransformer,CountVectorizer: Finished applying transform. Shape (4120, 10)
2021-01-10 20:43:12.328 - INFO - 7070 - azureml.automl.runtime.featurization.data_transformer._logger_wrapper:81 - Transform memory estimate: 0 bytes, Current available memory: 11595231232 bytes
2021-01-10 20:43:12.329 - INFO - 7070 - azureml.automl.runtime.featurization.data_transformer._logger_wrapper:81 - StringCastTransformer,CountVectorizer: Applying transform.
2021-01-10 20:43:12.343 - INFO - 7070 - azureml.automl.runtime.featurization.data_transformer._logger_wrapper:81 - StringCastTransformer,CountVectorizer: Finished applying transform. Shape (4120, 5)
2021-01-10 20:43:12.348 - INFO - 7070 - azureml.automl.runtime.featurization.data_transformer._logger_wrapper:81 - Transform memory estimate: 0 bytes, Current available memory: 11595231232 bytes
2021-01-10 20:43:12.348 - INFO - 7070 - azureml.automl.runtime.featurization.data_transformer._logger_wrapper:81 - StringCastTransformer,CountVectorizer: Applying transform.
2021-01-10 20:43:12.369 - INFO - 7070 - azureml.automl.runtime.featurization.data_transformer._logger_wrapper:81 - StringCastTransformer,CountVectorizer: Finished applying transform. Shape (4120, 39)
2021-01-10 20:43:12.373 - INFO - 7070 - azureml.automl.runtime.featurization.data_transformer._logger_wrapper:81 - Transform memory estimate: 0 bytes, Current available memory: 11595231232 bytes
2021-01-10 20:43:12.373 - INFO - 7070 - azureml.automl.runtime.featurization.data_transformer._logger_wrapper:81 - StringCastTransformer,CountVectorizer: Applying transform.
2021-01-10 20:43:12.392 - INFO - 7070 - azureml.automl.runtime.featurization.data_transformer._logger_wrapper:81 - StringCastTransformer,CountVectorizer: Finished applying transform. Shape (4120, 26)
2021-01-10 20:43:12.393 - INFO - 7070 - azureml.automl.runtime.featurization.data_transformer._logger_wrapper:81 - Transform memory estimate: 0 bytes, Current available memory: 11595231232 bytes
2021-01-10 20:43:12.393 - INFO - 7070 - azureml.automl.runtime.featurization.data_transformer._logger_wrapper:81 - StringCastTransformer,CountVectorizer: Applying transform.
2021-01-10 20:43:12.411 - INFO - 7070 - azureml.automl.runtime.featurization.data_transformer._logger_wrapper:81 - StringCastTransformer,CountVectorizer: Finished applying transform. Shape (4120, 8)
2021-01-10 20:43:12.412 - INFO - 7070 - azureml.automl.runtime.featurization.data_transformer._logger_wrapper:81 - Transform memory estimate: 0 bytes, Current available memory: 11595231232 bytes
2021-01-10 20:43:12.413 - INFO - 7070 - azureml.automl.runtime.featurization.data_transformer._logger_wrapper:81 - StringCastTransformer,CountVectorizer: Applying transform.
2021-01-10 20:43:12.429 - INFO - 7070 - azureml.automl.runtime.featurization.data_transformer._logger_wrapper:81 - StringCastTransformer,CountVectorizer: Finished applying transform. Shape (4120, 3)
2021-01-10 20:43:12.429 - INFO - 7070 - azureml.automl.runtime.featurization.data_transformer._logger_wrapper:81 - Finished applying transforms
2021-01-10 20:43:12.430 - INFO - 7070 - azureml.automl.runtime.shared.memory_utilities._is_low_memory:208 - Total ram: 14706561024 bytes, Current Available memory: 11595231232 bytes. Low memory threshold: 0.5
2021-01-10 20:43:35.078 - INFO - 7070 - azureml.automl.runtime.featurization.data_transformer._logger_wrapper:81 - Starting to apply transforms. Total ram: 14706561024 bytes
2021-01-10 20:43:35.080 - INFO - 7070 - azureml.automl.runtime.featurization.data_transformer._logger_wrapper:81 - Transform memory estimate: 0 bytes, Current available memory: 11592929280 bytes
2021-01-10 20:43:35.091 - INFO - 7070 - azureml.automl.runtime.featurization.data_transformer._logger_wrapper:81 - SimpleImputer: Applying transform.
2021-01-10 20:43:35.094 - INFO - 7070 - azureml.automl.runtime.featurization.data_transformer._logger_wrapper:81 - SimpleImputer: Finished applying transform. Shape (4120, 1)
2021-01-10 20:43:35.095 - INFO - 7070 - azureml.automl.runtime.featurization.data_transformer._logger_wrapper:81 - Transform memory estimate: 0 bytes, Current available memory: 11592675328 bytes
2021-01-10 20:43:35.095 - INFO - 7070 - azureml.automl.runtime.featurization.data_transformer._logger_wrapper:81 - SimpleImputer: Applying transform.
2021-01-10 20:43:35.097 - INFO - 7070 - azureml.automl.runtime.featurization.data_transformer._logger_wrapper:81 - SimpleImputer: Finished applying transform. Shape (4120, 1)
2021-01-10 20:43:35.098 - INFO - 7070 - azureml.automl.runtime.featurization.data_transformer._logger_wrapper:81 - Transform memory estimate: 0 bytes, Current available memory: 11592675328 bytes
2021-01-10 20:43:35.098 - INFO - 7070 - azureml.automl.runtime.featurization.data_transformer._logger_wrapper:81 - SimpleImputer: Applying transform.
2021-01-10 20:43:35.101 - INFO - 7070 - azureml.automl.runtime.featurization.data_transformer._logger_wrapper:81 - SimpleImputer: Finished applying transform. Shape (4120, 1)
2021-01-10 20:43:35.101 - INFO - 7070 - azureml.automl.runtime.featurization.data_transformer._logger_wrapper:81 - Transform memory estimate: 0 bytes, Current available memory: 11592675328 bytes
2021-01-10 20:43:35.102 - INFO - 7070 - azureml.automl.runtime.featurization.data_transformer._logger_wrapper:81 - SimpleImputer: Applying transform.
2021-01-10 20:43:35.104 - INFO - 7070 - azureml.automl.runtime.featurization.data_transformer._logger_wrapper:81 - SimpleImputer: Finished applying transform. Shape (4120, 1)
2021-01-10 20:43:35.104 - INFO - 7070 - azureml.automl.runtime.featurization.data_transformer._logger_wrapper:81 - Transform memory estimate: 0 bytes, Current available memory: 11592675328 bytes
2021-01-10 20:43:35.104 - INFO - 7070 - azureml.automl.runtime.featurization.data_transformer._logger_wrapper:81 - SimpleImputer: Applying transform.
2021-01-10 20:43:35.106 - INFO - 7070 - azureml.automl.runtime.featurization.data_transformer._logger_wrapper:81 - SimpleImputer: Finished applying transform. Shape (4120, 1)
2021-01-10 20:43:35.107 - INFO - 7070 - azureml.automl.runtime.featurization.data_transformer._logger_wrapper:81 - Transform memory estimate: 0 bytes, Current available memory: 11592675328 bytes
2021-01-10 20:43:35.107 - INFO - 7070 - azureml.automl.runtime.featurization.data_transformer._logger_wrapper:81 - SimpleImputer: Applying transform.
2021-01-10 20:43:35.109 - INFO - 7070 - azureml.automl.runtime.featurization.data_transformer._logger_wrapper:81 - SimpleImputer: Finished applying transform. Shape (4120, 1)
2021-01-10 20:43:35.110 - INFO - 7070 - azureml.automl.runtime.featurization.data_transformer._logger_wrapper:81 - Transform memory estimate: 0 bytes, Current available memory: 11592675328 bytes
2021-01-10 20:43:35.110 - INFO - 7070 - azureml.automl.runtime.featurization.data_transformer._logger_wrapper:81 - SimpleImputer: Applying transform.
2021-01-10 20:43:35.112 - INFO - 7070 - azureml.automl.runtime.featurization.data_transformer._logger_wrapper:81 - SimpleImputer: Finished applying transform. Shape (4120, 1)
2021-01-10 20:43:35.113 - INFO - 7070 - azureml.automl.runtime.featurization.data_transformer._logger_wrapper:81 - Transform memory estimate: 0 bytes, Current available memory: 11592675328 bytes
2021-01-10 20:43:35.113 - INFO - 7070 - azureml.automl.runtime.featurization.data_transformer._logger_wrapper:81 - StringCastTransformer,CountVectorizer: Applying transform.
2021-01-10 20:43:35.129 - INFO - 7070 - azureml.automl.runtime.featurization.data_transformer._logger_wrapper:81 - StringCastTransformer,CountVectorizer: Finished applying transform. Shape (4120, 12)
2021-01-10 20:43:35.129 - INFO - 7070 - azureml.automl.runtime.featurization.data_transformer._logger_wrapper:81 - Transform memory estimate: 0 bytes, Current available memory: 11592642560 bytes
2021-01-10 20:43:35.129 - INFO - 7070 - azureml.automl.runtime.featurization.data_transformer._logger_wrapper:81 - StringCastTransformer,CountVectorizer: Applying transform.
2021-01-10 20:43:35.145 - INFO - 7070 - azureml.automl.runtime.featurization.data_transformer._logger_wrapper:81 - StringCastTransformer,CountVectorizer: Finished applying transform. Shape (4120, 4)
2021-01-10 20:43:35.145 - INFO - 7070 - azureml.automl.runtime.featurization.data_transformer._logger_wrapper:81 - Transform memory estimate: 0 bytes, Current available memory: 11592642560 bytes
2021-01-10 20:43:35.145 - INFO - 7070 - azureml.automl.runtime.featurization.data_transformer._logger_wrapper:81 - StringCastTransformer,CountVectorizer: Applying transform.
2021-01-10 20:43:35.161 - INFO - 7070 - azureml.automl.runtime.featurization.data_transformer._logger_wrapper:81 - StringCastTransformer,CountVectorizer: Finished applying transform. Shape (4120, 8)
2021-01-10 20:43:35.162 - INFO - 7070 - azureml.automl.runtime.featurization.data_transformer._logger_wrapper:81 - Transform memory estimate: 0 bytes, Current available memory: 11592642560 bytes
2021-01-10 20:43:35.162 - INFO - 7070 - azureml.automl.runtime.featurization.data_transformer._logger_wrapper:81 - StringCastTransformer,CountVectorizer: Applying transform.
2021-01-10 20:43:35.176 - INFO - 7070 - azureml.automl.runtime.featurization.data_transformer._logger_wrapper:81 - StringCastTransformer,CountVectorizer: Finished applying transform. Shape (4120, 3)
2021-01-10 20:43:35.177 - INFO - 7070 - azureml.automl.runtime.featurization.data_transformer._logger_wrapper:81 - Transform memory estimate: 0 bytes, Current available memory: 11592642560 bytes
2021-01-10 20:43:35.177 - INFO - 7070 - azureml.automl.runtime.featurization.data_transformer._logger_wrapper:81 - StringCastTransformer,CountVectorizer: Applying transform.
2021-01-10 20:43:35.194 - INFO - 7070 - azureml.automl.runtime.featurization.data_transformer._logger_wrapper:81 - StringCastTransformer,CountVectorizer: Finished applying transform. Shape (4120, 3)
2021-01-10 20:43:35.195 - INFO - 7070 - azureml.automl.runtime.featurization.data_transformer._logger_wrapper:81 - Transform memory estimate: 0 bytes, Current available memory: 11592642560 bytes
2021-01-10 20:43:35.195 - INFO - 7070 - azureml.automl.runtime.featurization.data_transformer._logger_wrapper:81 - StringCastTransformer,CountVectorizer: Applying transform.
2021-01-10 20:43:35.210 - INFO - 7070 - azureml.automl.runtime.featurization.data_transformer._logger_wrapper:81 - StringCastTransformer,CountVectorizer: Finished applying transform. Shape (4120, 3)
2021-01-10 20:43:35.211 - INFO - 7070 - azureml.automl.runtime.featurization.data_transformer._logger_wrapper:81 - Transform memory estimate: 0 bytes, Current available memory: 11592642560 bytes
2021-01-10 20:43:35.211 - INFO - 7070 - azureml.automl.runtime.featurization.data_transformer._logger_wrapper:81 - CatImputer,StringCastTransformer,LabelEncoderTransformer: Applying transform.
2021-01-10 20:43:35.218 - INFO - 7070 - azureml.automl.runtime.featurization.data_transformer._logger_wrapper:81 - CatImputer,StringCastTransformer,LabelEncoderTransformer: Finished applying transform. Shape (4120, 1)
2021-01-10 20:43:35.219 - INFO - 7070 - azureml.automl.runtime.featurization.data_transformer._logger_wrapper:81 - Transform memory estimate: 0 bytes, Current available memory: 11592642560 bytes
2021-01-10 20:43:35.219 - INFO - 7070 - azureml.automl.runtime.featurization.data_transformer._logger_wrapper:81 - StringCastTransformer,CountVectorizer: Applying transform.
2021-01-10 20:43:35.234 - INFO - 7070 - azureml.automl.runtime.featurization.data_transformer._logger_wrapper:81 - StringCastTransformer,CountVectorizer: Finished applying transform. Shape (4120, 10)
2021-01-10 20:43:35.235 - INFO - 7070 - azureml.automl.runtime.featurization.data_transformer._logger_wrapper:81 - Transform memory estimate: 0 bytes, Current available memory: 11592642560 bytes
2021-01-10 20:43:35.235 - INFO - 7070 - azureml.automl.runtime.featurization.data_transformer._logger_wrapper:81 - StringCastTransformer,CountVectorizer: Applying transform.
2021-01-10 20:43:35.250 - INFO - 7070 - azureml.automl.runtime.featurization.data_transformer._logger_wrapper:81 - StringCastTransformer,CountVectorizer: Finished applying transform. Shape (4120, 5)
2021-01-10 20:43:35.251 - INFO - 7070 - azureml.automl.runtime.featurization.data_transformer._logger_wrapper:81 - Transform memory estimate: 0 bytes, Current available memory: 11592642560 bytes
2021-01-10 20:43:35.251 - INFO - 7070 - azureml.automl.runtime.featurization.data_transformer._logger_wrapper:81 - StringCastTransformer,CountVectorizer: Applying transform.
2021-01-10 20:43:35.269 - INFO - 7070 - azureml.automl.runtime.featurization.data_transformer._logger_wrapper:81 - StringCastTransformer,CountVectorizer: Finished applying transform. Shape (4120, 39)
2021-01-10 20:43:35.270 - INFO - 7070 - azureml.automl.runtime.featurization.data_transformer._logger_wrapper:81 - Transform memory estimate: 0 bytes, Current available memory: 11592642560 bytes
2021-01-10 20:43:35.270 - INFO - 7070 - azureml.automl.runtime.featurization.data_transformer._logger_wrapper:81 - StringCastTransformer,CountVectorizer: Applying transform.
2021-01-10 20:43:35.288 - INFO - 7070 - azureml.automl.runtime.featurization.data_transformer._logger_wrapper:81 - StringCastTransformer,CountVectorizer: Finished applying transform. Shape (4120, 26)
2021-01-10 20:43:35.289 - INFO - 7070 - azureml.automl.runtime.featurization.data_transformer._logger_wrapper:81 - Transform memory estimate: 0 bytes, Current available memory: 11592642560 bytes
2021-01-10 20:43:35.289 - INFO - 7070 - azureml.automl.runtime.featurization.data_transformer._logger_wrapper:81 - StringCastTransformer,CountVectorizer: Applying transform.
2021-01-10 20:43:35.307 - INFO - 7070 - azureml.automl.runtime.featurization.data_transformer._logger_wrapper:81 - StringCastTransformer,CountVectorizer: Finished applying transform. Shape (4120, 8)
2021-01-10 20:43:35.308 - INFO - 7070 - azureml.automl.runtime.featurization.data_transformer._logger_wrapper:81 - Transform memory estimate: 0 bytes, Current available memory: 11592642560 bytes
2021-01-10 20:43:35.308 - INFO - 7070 - azureml.automl.runtime.featurization.data_transformer._logger_wrapper:81 - StringCastTransformer,CountVectorizer: Applying transform.
2021-01-10 20:43:35.323 - INFO - 7070 - azureml.automl.runtime.featurization.data_transformer._logger_wrapper:81 - StringCastTransformer,CountVectorizer: Finished applying transform. Shape (4120, 3)
2021-01-10 20:43:35.323 - INFO - 7070 - azureml.automl.runtime.featurization.data_transformer._logger_wrapper:81 - Finished applying transforms
2021-01-10 20:43:35.324 - INFO - 7070 - azureml.automl.runtime.shared.memory_utilities._is_low_memory:208 - Total ram: 14706561024 bytes, Current Available memory: 11592642560 bytes. Low memory threshold: 0.5
